<?xml version="1.0" encoding="UTF-8"?>
<testng-results ignored="0" total="1" passed="1" failed="0" skipped="0">
  <reporter-output>
  </reporter-output>
  <suite started-at="2024-08-22T13:59:19 BDT" name="Default suite" finished-at="2024-08-22T13:59:38 BDT" duration-ms="18344">
    <groups>
    </groups>
    <test started-at="2024-08-22T13:59:19 BDT" name="Default test" finished-at="2024-08-22T13:59:38 BDT" duration-ms="18344">
      <class name="org.test.AppTest">
        <test-method signature="testGeneraleStoreAPK()[pri:0, instance:org.test.AppTest@78e4deb0]" started-at="2024-08-22T13:59:19 BDT" name="testGeneraleStoreAPK" finished-at="2024-08-22T13:59:38 BDT" duration-ms="18276" status="PASS">
          <reporter-output>
          </reporter-output>
        </test-method> <!-- testGeneraleStoreAPK -->
      </class> <!-- org.test.AppTest -->
    </test> <!-- Default test -->
  </suite> <!-- Default suite -->
</testng-results>
